This is pdfTeX, Version 3.141592653-2.6-1.40.24 (MiKTeX 22.8.28) (preloaded format=pdflatex 2023.3.29)  29 MAY 2023 12:15
entering extended mode
 restricted \write18 enabled.
 %&-line parsing enabled.
**./Replication_DKW.tex
(Replication_DKW.tex
LaTeX2e <2022-06-01> patch level 5
L3 programming layer <2022-08-30>
(C:\Users\dinola\AppData\Local\Programs\MiKTeX\tex/latex/base\article.cls
Document Class: article 2021/10/04 v1.4n Standard LaTeX document class
(C:\Users\dinola\AppData\Local\Programs\MiKTeX\tex/latex/base\size11.clo
File: size11.clo 2021/10/04 v1.4n Standard LaTeX file (size option)
)
\c@part=\count185
\c@section=\count186
\c@subsection=\count187
\c@subsubsection=\count188
\c@paragraph=\count189
\c@subparagraph=\count190
\c@figure=\count191
\c@table=\count192
\abovecaptionskip=\skip47
\belowcaptionskip=\skip48
\bibindent=\dimen138
)
(C:\Users\dinola\AppData\Local\Programs\MiKTeX\tex/latex/base\fontenc.sty
Package: fontenc 2021/04/29 v2.0v Standard LaTeX package
)
(C:\Users\dinola\AppData\Local\Programs\MiKTeX\tex/latex/base\inputenc.sty
Package: inputenc 2021/02/14 v1.3d Input encoding file
\inpenc@prehook=\toks16
\inpenc@posthook=\toks17

(C:\Users\dinola\AppData\Local\Programs\MiKTeX\tex/latex/base\latin9.def
File: latin9.def 2021/02/14 v1.3d Input encoding file
))
(C:\Users\dinola\AppData\Local\Programs\MiKTeX\tex/latex/geometry\geometry.sty
Package: geometry 2020/01/02 v5.9 Page Geometry

(C:\Users\dinola\AppData\Local\Programs\MiKTeX\tex/latex/graphics\keyval.sty
Package: keyval 2022/05/29 v1.15 key=value parser (DPC)
\KV@toks@=\toks18
)
(C:\Users\dinola\AppData\Local\Programs\MiKTeX\tex/generic/iftex\ifvtex.sty
Package: ifvtex 2019/10/25 v1.7 ifvtex legacy package. Use iftex instead.

(C:\Users\dinola\AppData\Local\Programs\MiKTeX\tex/generic/iftex\iftex.sty
Package: iftex 2022/02/03 v1.0f TeX engine tests
))
\Gm@cnth=\count193
\Gm@cntv=\count194
\c@Gm@tempcnt=\count195
\Gm@bindingoffset=\dimen139
\Gm@wd@mp=\dimen140
\Gm@odd@mp=\dimen141
\Gm@even@mp=\dimen142
\Gm@layoutwidth=\dimen143
\Gm@layoutheight=\dimen144
\Gm@layouthoffset=\dimen145
\Gm@layoutvoffset=\dimen146
\Gm@dimlist=\toks19

(C:\Users\dinola\AppData\Local\Programs\MiKTeX\tex/latex/geometry\geometry.cfg)
) (C:\Users\dinola\AppData\Local\Programs\MiKTeX\tex/generic/babel\babel.sty
Package: babel 2022/09/17 3.80 The Babel package
\babel@savecnt=\count196
\U@D=\dimen147
\l@unhyphenated=\language79

(C:\Users\dinola\AppData\Local\Programs\MiKTeX\tex/generic/babel\txtbabel.def)
\bbl@readstream=\read2
\bbl@dirlevel=\count197

*************************************
* Local config file bblopts.cfg used
*
(C:\Users\dinola\AppData\Local\Programs\MiKTeX\tex/latex/arabi\bblopts.cfg
File: bblopts.cfg 2005/09/08 v0.1 add Arabic and Farsi to "declared" options of
 babel
)
(C:\Users\dinola\AppData\Local\Programs\MiKTeX\tex/latex/babel-english\english.
ldf
Language: english 2017/06/06 v3.3r English support from the babel system
Package babel Info: Hyphen rules for 'canadian' set to \l@english
(babel)             (\language0). Reported on input line 102.
Package babel Info: Hyphen rules for 'australian' set to \l@ukenglish
(babel)             (\language73). Reported on input line 105.
Package babel Info: Hyphen rules for 'newzealand' set to \l@ukenglish
(babel)             (\language73). Reported on input line 108.
))
(C:\Users\dinola\AppData\Local\Programs\MiKTeX\tex/generic/babel/locale/en\babe
l-english.tex
Package babel Info: Importing font and identification data for english
(babel)             from babel-en.ini. Reported on input line 11.
)
(C:\Users\dinola\AppData\Local\Programs\MiKTeX\tex/latex/graphics\color.sty
Package: color 2022/01/06 v1.3d Standard LaTeX Color (DPC)

(C:\Users\dinola\AppData\Local\Programs\MiKTeX\tex/latex/graphics-cfg\color.cfg
File: color.cfg 2016/01/02 v1.6 sample color configuration
)
Package color Info: Driver file: pdftex.def on input line 149.

(C:\Users\dinola\AppData\Local\Programs\MiKTeX\tex/latex/graphics-def\pdftex.de
f
File: pdftex.def 2020/10/05 v1.2a Graphics/color driver for pdftex
)
(C:\Users\dinola\AppData\Local\Programs\MiKTeX\tex/latex-dev/graphics\mathcolor
.ltx))
(C:\Users\dinola\AppData\Local\Programs\MiKTeX\tex/latex/floatrow\floatrow.sty
Package: floatrow 2008/08/02 v0.3b floatrow: float package extension

(C:\Users\dinola\AppData\Local\Programs\MiKTeX\tex/latex/caption\caption3.sty
Package: caption3 2022/03/17 v2.3b caption3 kernel (AR)
\caption@tempdima=\dimen148
\captionmargin=\dimen149
\caption@leftmargin=\dimen150
\caption@rightmargin=\dimen151
\caption@width=\dimen152
\caption@indent=\dimen153
\caption@parindent=\dimen154
\caption@hangindent=\dimen155
Package caption Info: Standard document class detected.
)
\c@float@type=\count198
\float@exts=\toks20
\float@box=\box51
\@floatcapt=\box52
Package floatrow Info: Modified float package code loaded on input line 455.
Package floatrow Info: Modified rotfloat package code loaded on input line 473.

\FR@everyfloat=\toks21
\flrow@foot=\insert199
\FB@wd=\dimen156
\FBo@wd=\dimen157
\FBc@wd=\dimen158
\FBo@ht=\skip49
\FBc@ht=\skip50
\FBf@ht=\skip51
\FBo@max=\skip52
\FBc@max=\skip53
\FBf@max=\skip54
\c@FBl@b=\count266
\floatbox@depth=\count267
\c@FRobj=\count268
\c@FRsobj=\count269
\Xhsize=\skip55
\sXhsize=\skip56
\Zhsize=\skip57
\sZhsize=\skip58
\flrow@rowbox=\box53
\FR@Zunitlength=\dimen159
\c@FBcnt=\count270
\FPOScnt=\count271
\LTleft=\skip59
\LTright=\skip60
\LTleft=\skip61
\LTright=\skip62
\flrow@types=\toks22
) (C:\Users\dinola\AppData\Local\Programs\MiKTeX\tex/latex/placeins\placeins.st
y
Package: placeins 2005/04/18  v 2.2
)
(C:\Users\dinola\AppData\Local\Programs\MiKTeX\tex/latex/caption\subcaption.sty
Package: subcaption 2022/01/07 v1.5 Sub-captions (AR)
(C:\Users\dinola\AppData\Local\Programs\MiKTeX\tex/latex/caption\caption.sty
Package: caption 2022/03/01 v3.6b Customizing captions (AR)
\c@caption@flags=\count272
\c@continuedfloat=\count273
Package caption Info: float package is loaded.
Package caption Info: floatrow package is loaded.
)
\c@subfigure=\count274
\c@subtable=\count275
)
(C:\Users\dinola\AppData\Local\Programs\MiKTeX\tex/latex/tools\array.sty
Package: array 2021/10/04 v2.5f Tabular extension package (FMi)
\col@sep=\dimen160
\ar@mcellbox=\box54
\extrarowheight=\dimen161
\NC@list=\toks23
\extratabsurround=\skip63
\backup@length=\skip64
\ar@cellbox=\box55
)
(C:\Users\dinola\AppData\Local\Programs\MiKTeX\tex/latex/multirow\multirow.sty
Package: multirow 2021/03/15 v2.8 Span multiple rows of a table
\multirow@colwidth=\skip65
\multirow@cntb=\count276
\multirow@dima=\skip66
\bigstrutjot=\dimen162
) (C:\Users\dinola\AppData\Local\Programs\MiKTeX\tex/latex/amsmath\amsmath.sty
Package: amsmath 2022/04/08 v2.17n AMS math features
\@mathmargin=\skip67

For additional information on amsmath, use the `?' option.
(C:\Users\dinola\AppData\Local\Programs\MiKTeX\tex/latex/amsmath\amstext.sty
Package: amstext 2021/08/26 v2.01 AMS text

(C:\Users\dinola\AppData\Local\Programs\MiKTeX\tex/latex/amsmath\amsgen.sty
File: amsgen.sty 1999/11/30 v2.0 generic functions
\@emptytoks=\toks24
\ex@=\dimen163
))
(C:\Users\dinola\AppData\Local\Programs\MiKTeX\tex/latex/amsmath\amsbsy.sty
Package: amsbsy 1999/11/29 v1.2d Bold Symbols
\pmbraise@=\dimen164
)
(C:\Users\dinola\AppData\Local\Programs\MiKTeX\tex/latex/amsmath\amsopn.sty
Package: amsopn 2022/04/08 v2.04 operator names
)
\inf@bad=\count277
LaTeX Info: Redefining \frac on input line 234.
\uproot@=\count278
\leftroot@=\count279
LaTeX Info: Redefining \overline on input line 399.
LaTeX Info: Redefining \colon on input line 410.
\classnum@=\count280
\DOTSCASE@=\count281
LaTeX Info: Redefining \ldots on input line 496.
LaTeX Info: Redefining \dots on input line 499.
LaTeX Info: Redefining \cdots on input line 620.
\Mathstrutbox@=\box56
\strutbox@=\box57
LaTeX Info: Redefining \big on input line 722.
LaTeX Info: Redefining \Big on input line 723.
LaTeX Info: Redefining \bigg on input line 724.
LaTeX Info: Redefining \Bigg on input line 725.
\big@size=\dimen165
LaTeX Font Info:    Redeclaring font encoding OML on input line 743.
LaTeX Font Info:    Redeclaring font encoding OMS on input line 744.
\macc@depth=\count282
LaTeX Info: Redefining \bmod on input line 905.
LaTeX Info: Redefining \pmod on input line 910.
LaTeX Info: Redefining \smash on input line 940.
LaTeX Info: Redefining \relbar on input line 970.
LaTeX Info: Redefining \Relbar on input line 971.
\c@MaxMatrixCols=\count283
\dotsspace@=\muskip16
\c@parentequation=\count284
\dspbrk@lvl=\count285
\tag@help=\toks25
\row@=\count286
\column@=\count287
\maxfields@=\count288
\andhelp@=\toks26
\eqnshift@=\dimen166
\alignsep@=\dimen167
\tagshift@=\dimen168
\tagwidth@=\dimen169
\totwidth@=\dimen170
\lineht@=\dimen171
\@envbody=\toks27
\multlinegap=\skip68
\multlinetaggap=\skip69
\mathdisplay@stack=\toks28
LaTeX Info: Redefining \[ on input line 2953.
LaTeX Info: Redefining \] on input line 2954.
)
(C:\Users\dinola\AppData\Local\Programs\MiKTeX\tex/latex/amsfonts\amssymb.sty
Package: amssymb 2013/01/14 v3.01 AMS font symbols

(C:\Users\dinola\AppData\Local\Programs\MiKTeX\tex/latex/amsfonts\amsfonts.sty
Package: amsfonts 2013/01/14 v3.01 Basic AMSFonts support
\symAMSa=\mathgroup4
\symAMSb=\mathgroup5
LaTeX Font Info:    Redeclaring math symbol \hbar on input line 98.
LaTeX Font Info:    Overwriting math alphabet `\mathfrak' in version `bold'
(Font)                  U/euf/m/n --> U/euf/b/n on input line 106.
))
(C:\Users\dinola\AppData\Local\Programs\MiKTeX\tex/latex/graphics\graphicx.sty
Package: graphicx 2021/09/16 v1.2d Enhanced LaTeX Graphics (DPC,SPQR)

(C:\Users\dinola\AppData\Local\Programs\MiKTeX\tex/latex/graphics\graphics.sty
Package: graphics 2022/03/10 v1.4e Standard LaTeX Graphics (DPC,SPQR)

(C:\Users\dinola\AppData\Local\Programs\MiKTeX\tex/latex/graphics\trig.sty
Package: trig 2021/08/11 v1.11 sin cos tan (DPC)
)
(C:\Users\dinola\AppData\Local\Programs\MiKTeX\tex/latex/graphics-cfg\graphics.
cfg
File: graphics.cfg 2016/06/04 v1.11 sample graphics configuration
)
Package graphics Info: Driver file: pdftex.def on input line 107.
)
\Gin@req@height=\dimen172
\Gin@req@width=\dimen173
)
(C:\Users\dinola\AppData\Local\Programs\MiKTeX\tex/latex/tools\afterpage.sty
Package: afterpage 2014/10/28 v1.08 After-Page Package (DPC)
\AP@output=\toks29
\AP@partial=\box58
\AP@footins=\box59
)
(C:\Users\dinola\AppData\Local\Programs\MiKTeX\tex/latex/epstopdf-pkg\epstopdf.
sty
Package: epstopdf 2020-01-24 v2.11 Conversion with epstopdf on the fly (HO)

(C:\Users\dinola\AppData\Local\Programs\MiKTeX\tex/generic/infwarerr\infwarerr.
sty
Package: infwarerr 2019/12/03 v1.5 Providing info/warning/error messages (HO)
) (C:\Users\dinola\AppData\Local\Programs\MiKTeX\tex/latex/grfext\grfext.sty
Package: grfext 2019/12/03 v1.3 Manage graphics extensions (HO)

(C:\Users\dinola\AppData\Local\Programs\MiKTeX\tex/generic/kvdefinekeys\kvdefin
ekeys.sty
Package: kvdefinekeys 2019-12-19 v1.6 Define keys (HO)
))
(C:\Users\dinola\AppData\Local\Programs\MiKTeX\tex/latex/kvoptions\kvoptions.st
y
Package: kvoptions 2022-06-15 v3.15 Key value format for package options (HO)

(C:\Users\dinola\AppData\Local\Programs\MiKTeX\tex/generic/ltxcmds\ltxcmds.sty
Package: ltxcmds 2020-05-10 v1.25 LaTeX kernel commands for general use (HO)
)
(C:\Users\dinola\AppData\Local\Programs\MiKTeX\tex/generic/kvsetkeys\kvsetkeys.
sty
Package: kvsetkeys 2019/12/15 v1.18 Key value parser (HO)
))
(C:\Users\dinola\AppData\Local\Programs\MiKTeX\tex/generic/pdftexcmds\pdftexcmd
s.sty
Package: pdftexcmds 2020-06-27 v0.33 Utility functions of pdfTeX for LuaTeX (HO
)
Package pdftexcmds Info: \pdf@primitive is available.
Package pdftexcmds Info: \pdf@ifprimitive is available.
Package pdftexcmds Info: \pdfdraftmode found.
)
(C:\Users\dinola\AppData\Local\Programs\MiKTeX\tex/latex/epstopdf-pkg\epstopdf-
base.sty
Package: epstopdf-base 2020-01-24 v2.11 Base part for package epstopdf
Package epstopdf-base Info: Redefining graphics rule for `.eps' on input line 4
85.
Package grfext Info: Graphics extension search list:
(grfext)             [.pdf,.png,.jpg,.mps,.jpeg,.jbig2,.jb2,.PDF,.PNG,.JPG,.JPE
G,.JBIG2,.JB2,.eps]
(grfext)             \AppendGraphicsExtensions on input line 504.

(C:\Users\dinola\AppData\Local\Programs\MiKTeX\tex/latex/00miktex\epstopdf-sys.
cfg
File: epstopdf-sys.cfg 2021/03/18 v2.0 Configuration of epstopdf for MiKTeX
))) (C:\Users\dinola\AppData\Local\Programs\MiKTeX\tex/latex/esint\esint.sty
Package: esint 
\symlargesymbolsA=\mathgroup6
) (C:\Users\dinola\AppData\Local\Programs\MiKTeX\tex/latex/natbib\natbib.sty
Package: natbib 2010/09/13 8.31b (PWD, AO)
\bibhang=\skip70
\bibsep=\skip71
LaTeX Info: Redefining \cite on input line 694.
\c@NAT@ctr=\count289
)
(C:\Users\dinola\AppData\Local\Programs\MiKTeX\tex/latex/hyperref\hyperref.sty
Package: hyperref 2022-09-22 v7.00t Hypertext links for LaTeX

(C:\Users\dinola\AppData\Local\Programs\MiKTeX\tex/generic/pdfescape\pdfescape.
sty
Package: pdfescape 2019/12/09 v1.15 Implements pdfTeX's escape features (HO)
)
(C:\Users\dinola\AppData\Local\Programs\MiKTeX\tex/latex/hycolor\hycolor.sty
Package: hycolor 2020-01-27 v1.10 Color options for hyperref/bookmark (HO)
)
(C:\Users\dinola\AppData\Local\Programs\MiKTeX\tex/latex/letltxmacro\letltxmacr
o.sty
Package: letltxmacro 2019/12/03 v1.6 Let assignment for LaTeX macros (HO)
)
(C:\Users\dinola\AppData\Local\Programs\MiKTeX\tex/latex/auxhook\auxhook.sty
Package: auxhook 2019-12-17 v1.6 Hooks for auxiliary files (HO)
)
(C:\Users\dinola\AppData\Local\Programs\MiKTeX\tex/latex/hyperref\nameref.sty
Package: nameref 2022-05-17 v2.50 Cross-referencing by name of section

(C:\Users\dinola\AppData\Local\Programs\MiKTeX\tex/latex/refcount\refcount.sty
Package: refcount 2019/12/15 v3.6 Data extraction from label references (HO)
)
(C:\Users\dinola\AppData\Local\Programs\MiKTeX\tex/generic/gettitlestring\getti
tlestring.sty
Package: gettitlestring 2019/12/15 v1.6 Cleanup title references (HO)
)
\c@section@level=\count290
)
\@linkdim=\dimen174
\Hy@linkcounter=\count291
\Hy@pagecounter=\count292

(C:\Users\dinola\AppData\Local\Programs\MiKTeX\tex/latex/hyperref\pd1enc.def
File: pd1enc.def 2022-09-22 v7.00t Hyperref: PDFDocEncoding definition (HO)
Now handling font encoding PD1 ...
... no UTF-8 mapping file for font encoding PD1
)
(C:\Users\dinola\AppData\Local\Programs\MiKTeX\tex/generic/intcalc\intcalc.sty
Package: intcalc 2019/12/15 v1.3 Expandable calculations with integers (HO)
)
(C:\Users\dinola\AppData\Local\Programs\MiKTeX\tex/generic/etexcmds\etexcmds.st
y
Package: etexcmds 2019/12/15 v1.7 Avoid name clashes with e-TeX commands (HO)
)
\Hy@SavedSpaceFactor=\count293
 (C:\Users\dinola\AppData\Local\Programs\MiKTeX\tex/latex/hyperref\puenc.def
File: puenc.def 2022-09-22 v7.00t Hyperref: PDF Unicode definition (HO)
Now handling font encoding PU ...
... no UTF-8 mapping file for font encoding PU
)
Package hyperref Info: Option `unicode' set `true' on input line 4045.
Package hyperref Info: Option `pdfusetitle' set `true' on input line 4045.
Package hyperref Info: Option `bookmarks' set `true' on input line 4045.
Package hyperref Info: Option `bookmarksnumbered' set `false' on input line 404
5.
Package hyperref Info: Option `bookmarksopen' set `false' on input line 4045.
Package hyperref Info: Option `breaklinks' set `false' on input line 4045.
Package hyperref Info: Option `colorlinks' set `false' on input line 4045.
Package hyperref Info: Hyper figures OFF on input line 4162.
Package hyperref Info: Link nesting OFF on input line 4167.
Package hyperref Info: Hyper index ON on input line 4170.
Package hyperref Info: Plain pages OFF on input line 4177.
Package hyperref Info: Backreferencing OFF on input line 4182.
Package hyperref Info: Implicit mode ON; LaTeX internals redefined.
\stockwidth=\dimen175
\stockheight=\dimen176
Package hyperref Info: Bookmarks ON on input line 4410.
\c@Hy@tempcnt=\count294
(C:\Users\dinola\AppData\Local\Programs\MiKTeX\tex/latex/url\url.sty
\Urlmuskip=\muskip17
Package: url 2013/09/16  ver 3.4  Verb mode for urls, etc.
)
LaTeX Info: Redefining \url on input line 4748.
\XeTeXLinkMargin=\dimen177

(C:\Users\dinola\AppData\Local\Programs\MiKTeX\tex/generic/bitset\bitset.sty
Package: bitset 2019/12/09 v1.3 Handle bit-vector datatype (HO)

(C:\Users\dinola\AppData\Local\Programs\MiKTeX\tex/generic/bigintcalc\bigintcal
c.sty
Package: bigintcalc 2019/12/15 v1.5 Expandable calculations on big integers (HO
)
))
\Fld@menulength=\count295
\Field@Width=\dimen178
\Fld@charsize=\dimen179
Package hyperref Info: Hyper figures OFF on input line 6027.
Package hyperref Info: Link nesting OFF on input line 6032.
Package hyperref Info: Hyper index ON on input line 6035.
Package hyperref Info: backreferencing OFF on input line 6042.
Package hyperref Info: Link coloring OFF on input line 6047.
Package hyperref Info: Link coloring with OCG OFF on input line 6052.
Package hyperref Info: PDF/A mode OFF on input line 6057.

(C:\Users\dinola\AppData\Local\Programs\MiKTeX\tex/latex/base\atbegshi-ltx.sty
Package: atbegshi-ltx 2021/01/10 v1.0c Emulation of the original atbegshi
package with kernel methods
)
\Hy@abspage=\count296
\c@Item=\count297
\c@Hfootnote=\count298
)
Package hyperref Info: Driver (autodetected): hpdftex.
 (C:\Users\dinola\AppData\Local\Programs\MiKTeX\tex/latex/hyperref\hpdftex.def
File: hpdftex.def 2022-09-22 v7.00t Hyperref driver for pdfTeX

(C:\Users\dinola\AppData\Local\Programs\MiKTeX\tex/latex/base\atveryend-ltx.sty
Package: atveryend-ltx 2020/08/19 v1.0a Emulation of the original atveryend pac
kage
with kernel methods
)
\Fld@listcount=\count299
\c@bookmark@seq@number=\count300

(C:\Users\dinola\AppData\Local\Programs\MiKTeX\tex/latex/rerunfilecheck\rerunfi
lecheck.sty
Package: rerunfilecheck 2022-07-10 v1.10 Rerun checks for auxiliary files (HO)

(C:\Users\dinola\AppData\Local\Programs\MiKTeX\tex/generic/uniquecounter\unique
counter.sty
Package: uniquecounter 2019/12/15 v1.4 Provide unlimited unique counter (HO)
)
Package uniquecounter Info: New unique counter `rerunfilecheck' on input line 2
85.
)
\Hy@SectionHShift=\skip72
)
Package hyperref Info: Option `plainpages' set `false' on input line 38.
Package hyperref Info: Option `plainpages' set `false' on input line 38.

(C:\Users\dinola\AppData\Local\Programs\MiKTeX\tex/latex/preprint\fullpage.sty
Package: fullpage 1999/02/23 1.1 (PWD)
\FP@margin=\skip73
) (C:\Users\dinola\AppData\Local\Programs\MiKTeX\tex/latex/appendix\appendix.st
y
Package: appendix 2020/02/08 v1.2c extra appendix facilities
\c@@pps=\count301
\c@@ppsavesec=\count302
\c@@ppsaveapp=\count303
)
(C:\Users\dinola\AppData\Local\Programs\MiKTeX\tex/latex/l3backend\l3backend-pd
ftex.def
File: l3backend-pdftex.def 2022-08-30 L3 backend support: PDF output (pdfTeX)
\l__color_backend_stack_int=\count304
\l__pdf_internal_box=\box60
) (Replication_DKW.aux)
\openout1 = `Replication_DKW.aux'.

LaTeX Font Info:    Checking defaults for OML/cmm/m/it on input line 70.
LaTeX Font Info:    ... okay on input line 70.
LaTeX Font Info:    Checking defaults for OMS/cmsy/m/n on input line 70.
LaTeX Font Info:    ... okay on input line 70.
LaTeX Font Info:    Checking defaults for OT1/cmr/m/n on input line 70.
LaTeX Font Info:    ... okay on input line 70.
LaTeX Font Info:    Checking defaults for T1/cmr/m/n on input line 70.
LaTeX Font Info:    ... okay on input line 70.
LaTeX Font Info:    Checking defaults for TS1/cmr/m/n on input line 70.
LaTeX Font Info:    ... okay on input line 70.
LaTeX Font Info:    Checking defaults for OMX/cmex/m/n on input line 70.
LaTeX Font Info:    ... okay on input line 70.
LaTeX Font Info:    Checking defaults for U/cmr/m/n on input line 70.
LaTeX Font Info:    ... okay on input line 70.
LaTeX Font Info:    Checking defaults for PD1/pdf/m/n on input line 70.
LaTeX Font Info:    ... okay on input line 70.
LaTeX Font Info:    Checking defaults for PU/pdf/m/n on input line 70.
LaTeX Font Info:    ... okay on input line 70.

*geometry* driver: auto-detecting
*geometry* detected driver: pdftex

Package geometry Warning: The marginal notes overrun the paper.
     Add 12.0945pt and more to the right margin.

*geometry* verbose mode - [ preamble ] result:
* driver: pdftex
* paper: <default>
* layout: <same size as paper>
* layoutoffset:(h,v)=(0.0pt,0.0pt)
* modes: 
* h-part:(L,W,R)=(56.9055pt, 500.484pt, 56.9055pt)
* v-part:(T,H,B)=(56.9055pt, 681.15898pt, 56.9055pt)
* \paperwidth=614.295pt
* \paperheight=794.96999pt
* \textwidth=469.75502pt
* \textheight=620.43001pt
* \oddsidemargin=0.0pt
* \evensidemargin=0.0pt
* \topmargin=0.0pt
* \headheight=0.0pt
* \headsep=0.0pt
* \topskip=11.0pt
* \footskip=30.0pt
* \marginparwidth=59.0pt
* \marginparsep=10.0pt
* \columnsep=10.0pt
* \skip\footins=10.0pt plus 4.0pt minus 2.0pt
* \hoffset=0.0pt
* \voffset=0.0pt
* \mag=1000
* \@twocolumnfalse
* \@twosidefalse
* \@mparswitchfalse
* \@reversemarginfalse
* (1in=72.27pt=25.4mm, 1cm=28.453pt)


(C:\Users\dinola\AppData\Local\Programs\MiKTeX\tex/context/base/mkii\supp-pdf.m
kii
[Loading MPS to PDF converter (version 2006.09.02).]
\scratchcounter=\count305
\scratchdimen=\dimen180
\scratchbox=\box61
\nofMPsegments=\count306
\nofMParguments=\count307
\everyMPshowfont=\toks30
\MPscratchCnt=\count308
\MPscratchDim=\dimen181
\MPnumerator=\count309
\makeMPintoPDFobject=\count310
\everyMPtoPDFconversion=\toks31
)
Package caption Info: Begin \AtBeginDocument code.
Package caption Info: hyperref package is loaded.
Package caption Info: End \AtBeginDocument code.
Package hyperref Info: Link coloring OFF on input line 70.
 (Replication_DKW.out) (Replication_DKW.out)
\@outlinefile=\write3
\openout3 = `Replication_DKW.out'.

LaTeX Font Info:    Trying to load font information for U+msa on input line 76.


(C:\Users\dinola\AppData\Local\Programs\MiKTeX\tex/latex/amsfonts\umsa.fd
File: umsa.fd 2013/01/14 v3.01 AMS symbols A
)
LaTeX Font Info:    Trying to load font information for U+msb on input line 76.


(C:\Users\dinola\AppData\Local\Programs\MiKTeX\tex/latex/amsfonts\umsb.fd
File: umsb.fd 2013/01/14 v3.01 AMS symbols B
)
LaTeX Font Info:    Trying to load font information for U+esint on input line 7
6.

(C:\Users\dinola\AppData\Local\Programs\MiKTeX\tex/latex/esint\uesint.fd
File: uesint.fd 
)
(../tables/comp_parameters.tex) (../tables/exo_parameters.tex)
(../tables/parameters.tex) (../tables/steady_state.tex) (../tables/moments.tex)
<../figures/ss/firmSize.png, id=47, 421.575pt x 316.0608pt>
File: ../figures/ss/firmSize.png Graphic file (type png)
<use ../figures/ss/firmSize.png>
Package pdftex.def Info: ../figures/ss/firmSize.png  used on input line 117.
(pdftex.def)             Requested size: 216.09045pt x 162.00873pt.
<../figures/ss/empShare.png, id=48, 421.575pt x 316.0608pt>
File: ../figures/ss/empShare.png Graphic file (type png)
<use ../figures/ss/empShare.png>
Package pdftex.def Info: ../figures/ss/empShare.png  used on input line 122.
(pdftex.def)             Requested size: 216.09045pt x 162.00873pt.
[1

{C:/Users/dinola/AppData/Local/MiKTeX/fonts/map/pdftex/pdftex.map} <../figures/
ss/firmSize.png (PNG copy)> <../figures/ss/empShare.png (PNG copy)>] [2]
[3]
<../figures/ss/entry_type_ss.png, id=81, 602.25pt x 225.9642pt>
File: ../figures/ss/entry_type_ss.png Graphic file (type png)
<use ../figures/ss/entry_type_ss.png>
Package pdftex.def Info: ../figures/ss/entry_type_ss.png  used on input line 13
5.
(pdftex.def)             Requested size: 328.82707pt x 123.38077pt.
<../figures/ss/inv_type_ss.png, id=82, 602.25pt x 225.9642pt>
File: ../figures/ss/inv_type_ss.png Graphic file (type png)
<use ../figures/ss/inv_type_ss.png>
Package pdftex.def Info: ../figures/ss/inv_type_ss.png  used on input line 142.

(pdftex.def)             Requested size: 469.75502pt x 176.25826pt.
<../figures/ss/exit_type_ss.png, id=83, 602.25pt x 225.9642pt>
File: ../figures/ss/exit_type_ss.png Graphic file (type png)
<use ../figures/ss/exit_type_ss.png>
Package pdftex.def Info: ../figures/ss/exit_type_ss.png  used on input line 149
.
(pdftex.def)             Requested size: 469.75502pt x 176.25826pt.
 [4 <../figures/ss/entry_type_ss.png (PNG copy)> <../figures/ss/inv_type_ss.png
 (PNG copy)>] (../tables/tran_shocks.tex) (../tables/transition_moments.tex) [5
 <../figures/ss/exit_type_ss.png (PNG copy)>]
<../figures/grant_vs_nogrant/model_mom_trans.png, id=97, 421.575pt x 413.8662pt
>
File: ../figures/grant_vs_nogrant/model_mom_trans.png Graphic file (type png)
<use ../figures/grant_vs_nogrant/model_mom_trans.png>
Package pdftex.def Info: ../figures/grant_vs_nogrant/model_mom_trans.png  used 
on input line 182.
(pdftex.def)             Requested size: 211.38832pt x 207.5262pt.
<../figures/grant_vs_nogrant/model_mom_trans_bis.png, id=98, 421.575pt x 413.86
62pt>
File: ../figures/grant_vs_nogrant/model_mom_trans_bis.png Graphic file (type pn
g)
<use ../figures/grant_vs_nogrant/model_mom_trans_bis.png>
Package pdftex.def Info: ../figures/grant_vs_nogrant/model_mom_trans_bis.png  u
sed on input line 187.
(pdftex.def)             Requested size: 211.38832pt x 207.5262pt.
<../figures/grant_vs_nogrant/irf_w.png, id=99, 421.575pt x 316.0608pt>
File: ../figures/grant_vs_nogrant/irf_w.png Graphic file (type png)
<use ../figures/grant_vs_nogrant/irf_w.png>
Package pdftex.def Info: ../figures/grant_vs_nogrant/irf_w.png  used on input l
ine 204.
(pdftex.def)             Requested size: 216.09045pt x 162.00873pt.
<../figures/grant_vs_nogrant/irf_q.png, id=100, 421.575pt x 316.0608pt>
File: ../figures/grant_vs_nogrant/irf_q.png Graphic file (type png)
<use ../figures/grant_vs_nogrant/irf_q.png>
Package pdftex.def Info: ../figures/grant_vs_nogrant/irf_q.png  used on input l
ine 209.
(pdftex.def)             Requested size: 216.09045pt x 162.00873pt.
<../figures/grant_vs_nogrant/irf_C_agg.png, id=101, 421.575pt x 316.0608pt>
File: ../figures/grant_vs_nogrant/irf_C_agg.png Graphic file (type png)
<use ../figures/grant_vs_nogrant/irf_C_agg.png>
Package pdftex.def Info: ../figures/grant_vs_nogrant/irf_C_agg.png  used on inp
ut line 221.
(pdftex.def)             Requested size: 216.09045pt x 162.00873pt.
<../figures/grant_vs_nogrant/irf_K_agg.png, id=102, 421.575pt x 316.0608pt>
File: ../figures/grant_vs_nogrant/irf_K_agg.png Graphic file (type png)
<use ../figures/grant_vs_nogrant/irf_K_agg.png>
Package pdftex.def Info: ../figures/grant_vs_nogrant/irf_K_agg.png  used on inp
ut line 226.
(pdftex.def)             Requested size: 216.09045pt x 162.00873pt.
<../figures/grant_vs_nogrant/irf_Y_agg.png, id=103, 421.575pt x 316.0608pt>
File: ../figures/grant_vs_nogrant/irf_Y_agg.png Graphic file (type png)
<use ../figures/grant_vs_nogrant/irf_Y_agg.png>
Package pdftex.def Info: ../figures/grant_vs_nogrant/irf_Y_agg.png  used on inp
ut line 232.
(pdftex.def)             Requested size: 216.09045pt x 162.00873pt.
<../figures/grant_vs_nogrant/irf_L_agg.png, id=104, 421.575pt x 316.0608pt>
File: ../figures/grant_vs_nogrant/irf_L_agg.png Graphic file (type png)
<use ../figures/grant_vs_nogrant/irf_L_agg.png>
Package pdftex.def Info: ../figures/grant_vs_nogrant/irf_L_agg.png  used on inp
ut line 237.
(pdftex.def)             Requested size: 216.09045pt x 162.00873pt.
<../figures/grant_vs_nogrant/irf_InvK.png, id=105, 421.575pt x 316.0608pt>
File: ../figures/grant_vs_nogrant/irf_InvK.png Graphic file (type png)
<use ../figures/grant_vs_nogrant/irf_InvK.png>
Package pdftex.def Info: ../figures/grant_vs_nogrant/irf_InvK.png  used on inpu
t line 243.
(pdftex.def)             Requested size: 216.09045pt x 162.00873pt.
<../figures/grant_vs_nogrant/irf_entry_rate.png, id=106, 421.575pt x 316.0608pt
>
File: ../figures/grant_vs_nogrant/irf_entry_rate.png Graphic file (type png)
<use ../figures/grant_vs_nogrant/irf_entry_rate.png>
Package pdftex.def Info: ../figures/grant_vs_nogrant/irf_entry_rate.png  used o
n input line 254.
(pdftex.def)             Requested size: 216.09045pt x 162.00873pt.
<../figures/grant_vs_nogrant/irf_exit.png, id=107, 421.575pt x 316.0608pt>
File: ../figures/grant_vs_nogrant/irf_exit.png Graphic file (type png)
<use ../figures/grant_vs_nogrant/irf_exit.png>
Package pdftex.def Info: ../figures/grant_vs_nogrant/irf_exit.png  used on inpu
t line 259.
(pdftex.def)             Requested size: 216.09045pt x 162.00873pt.
<../figures/grant_vs_nogrant/irf_liq.png, id=108, 421.575pt x 316.0608pt>
File: ../figures/grant_vs_nogrant/irf_liq.png Graphic file (type png)
<use ../figures/grant_vs_nogrant/irf_liq.png>
Package pdftex.def Info: ../figures/grant_vs_nogrant/irf_liq.png  used on input
 line 265.
(pdftex.def)             Requested size: 216.09045pt x 162.00873pt.
<../figures/grant_vs_nogrant/irf_mass_small.png, id=109, 421.575pt x 316.0608pt
>
File: ../figures/grant_vs_nogrant/irf_mass_small.png Graphic file (type png)
<use ../figures/grant_vs_nogrant/irf_mass_small.png>
Package pdftex.def Info: ../figures/grant_vs_nogrant/irf_mass_small.png  used o
n input line 270.
(pdftex.def)             Requested size: 216.09045pt x 162.00873pt.
<../figures/grant_vs_nogrant/irf_K_small.png, id=110, 421.575pt x 316.0608pt>
File: ../figures/grant_vs_nogrant/irf_K_small.png Graphic file (type png)
<use ../figures/grant_vs_nogrant/irf_K_small.png>
Package pdftex.def Info: ../figures/grant_vs_nogrant/irf_K_small.png  used on i
nput line 283.
(pdftex.def)             Requested size: 216.09045pt x 162.00873pt.
<../figures/grant_vs_nogrant/irf_K_corp.png, id=111, 421.575pt x 316.0608pt>
File: ../figures/grant_vs_nogrant/irf_K_corp.png Graphic file (type png)
<use ../figures/grant_vs_nogrant/irf_K_corp.png>
Package pdftex.def Info: ../figures/grant_vs_nogrant/irf_K_corp.png  used on in
put line 288.
(pdftex.def)             Requested size: 216.09045pt x 162.00873pt.
<../figures/grant_vs_nogrant/irf_L_small.png, id=112, 421.575pt x 316.0608pt>
File: ../figures/grant_vs_nogrant/irf_L_small.png Graphic file (type png)
<use ../figures/grant_vs_nogrant/irf_L_small.png>
Package pdftex.def Info: ../figures/grant_vs_nogrant/irf_L_small.png  used on i
nput line 294.
(pdftex.def)             Requested size: 216.09045pt x 162.00873pt.
<../figures/grant_vs_nogrant/irf_L_corp.png, id=113, 421.575pt x 316.0608pt>
File: ../figures/grant_vs_nogrant/irf_L_corp.png Graphic file (type png)
<use ../figures/grant_vs_nogrant/irf_L_corp.png>
Package pdftex.def Info: ../figures/grant_vs_nogrant/irf_L_corp.png  used on in
put line 299.
(pdftex.def)             Requested size: 216.09045pt x 162.00873pt.
<../figures/grant_vs_nogrant/irf_output_small.png, id=114, 421.575pt x 316.0608
pt>
File: ../figures/grant_vs_nogrant/irf_output_small.png Graphic file (type png)
<use ../figures/grant_vs_nogrant/irf_output_small.png>
Package pdftex.def Info: ../figures/grant_vs_nogrant/irf_output_small.png  used
 on input line 305.
(pdftex.def)             Requested size: 216.09045pt x 162.00873pt.
<../figures/grant_vs_nogrant/irf_Y_corp.png, id=115, 421.575pt x 316.0608pt>
File: ../figures/grant_vs_nogrant/irf_Y_corp.png Graphic file (type png)
<use ../figures/grant_vs_nogrant/irf_Y_corp.png>
Package pdftex.def Info: ../figures/grant_vs_nogrant/irf_Y_corp.png  used on in
put line 310.
(pdftex.def)             Requested size: 216.09045pt x 162.00873pt.
<../figures/grant_vs_nogrant/irf_KL_ratio.png, id=116, 421.575pt x 316.0608pt>
File: ../figures/grant_vs_nogrant/irf_KL_ratio.png Graphic file (type png)
<use ../figures/grant_vs_nogrant/irf_KL_ratio.png>
Package pdftex.def Info: ../figures/grant_vs_nogrant/irf_KL_ratio.png  used on 
input line 323.
(pdftex.def)             Requested size: 216.09045pt x 162.00873pt.
<../figures/grant_vs_nogrant/irf_InvK_corp.png, id=117, 421.575pt x 316.0608pt>

File: ../figures/grant_vs_nogrant/irf_InvK_corp.png Graphic file (type png)
<use ../figures/grant_vs_nogrant/irf_InvK_corp.png>
Package pdftex.def Info: ../figures/grant_vs_nogrant/irf_InvK_corp.png  used on
 input line 328.
(pdftex.def)             Requested size: 216.09045pt x 162.00873pt.
<../figures/grant_vs_nogrant/emp_exit_rate_lbins.png, id=118, 421.575pt x 316.0
608pt>
File: ../figures/grant_vs_nogrant/emp_exit_rate_lbins.png Graphic file (type pn
g)
<use ../figures/grant_vs_nogrant/emp_exit_rate_lbins.png>
Package pdftex.def Info: ../figures/grant_vs_nogrant/emp_exit_rate_lbins.png  u
sed on input line 339.
(pdftex.def)             Requested size: 375.80544pt x 281.75137pt.
 [6 <../figures/grant_vs_nogrant/model_mom_trans.png (PNG copy)> <../figures/gr
ant_vs_nogrant/model_mom_trans_bis.png (PNG copy)>] [7 <../figures/grant_vs_nog
rant/irf_w.png (PNG copy)> <../figures/grant_vs_nogrant/irf_q.png (PNG copy)>] 
[8 <../figures/grant_vs_nogrant/irf_C_agg.png (PNG copy)> <../figures/grant_vs_
nogrant/irf_K_agg.png (PNG copy)> <../figures/grant_vs_nogrant/irf_Y_agg.png (P
NG copy)> <../figures/grant_vs_nogrant/irf_L_agg.png (PNG copy)> <../figures/gr
ant_vs_nogrant/irf_InvK.png (PNG copy)>] [9 <../figures/grant_vs_nogrant/irf_en
try_rate.png (PNG copy)> <../figures/grant_vs_nogrant/irf_exit.png (PNG copy)> 
<../figures/grant_vs_nogrant/irf_liq.png (PNG copy)> <../figures/grant_vs_nogra
nt/irf_mass_small.png (PNG copy)>] [10 <../figures/grant_vs_nogrant/irf_K_small
.png (PNG copy)> <../figures/grant_vs_nogrant/irf_K_corp.png (PNG copy)> <../fi
gures/grant_vs_nogrant/irf_L_small.png (PNG copy)> <../figures/grant_vs_nogrant
/irf_L_corp.png (PNG copy)> <../figures/grant_vs_nogrant/irf_output_small.png (
PNG copy)> <../figures/grant_vs_nogrant/irf_Y_corp.png (PNG copy)>] [11 <../fig
ures/grant_vs_nogrant/irf_KL_ratio.png (PNG copy)> <../figures/grant_vs_nogrant
/irf_InvK_corp.png (PNG copy)> <../figures/grant_vs_nogrant/emp_exit_rate_lbins
.png (PNG copy)>] [12

]

LaTeX Warning: Reference `fig:capadj' on page 13 undefined on input line 421.

(../tables/capadj_rate_ss.tex)
<../figures/grant_vs_nogrant/cum_capadj_decomp_sr.png, id=166, 421.575pt x 316.
0608pt>
File: ../figures/grant_vs_nogrant/cum_capadj_decomp_sr.png Graphic file (type p
ng)
<use ../figures/grant_vs_nogrant/cum_capadj_decomp_sr.png>
Package pdftex.def Info: ../figures/grant_vs_nogrant/cum_capadj_decomp_sr.png  
used on input line 461.
(pdftex.def)             Requested size: 216.09045pt x 162.00873pt.
<../figures/grant_vs_nogrant/cum_capadj_decomp_mr.png, id=167, 421.575pt x 316.
0608pt>
File: ../figures/grant_vs_nogrant/cum_capadj_decomp_mr.png Graphic file (type p
ng)
<use ../figures/grant_vs_nogrant/cum_capadj_decomp_mr.png>
Package pdftex.def Info: ../figures/grant_vs_nogrant/cum_capadj_decomp_mr.png  
used on input line 466.
(pdftex.def)             Requested size: 216.09045pt x 162.00873pt.
<../figures/grant_vs_nogrant/cum_capadj_decomp_lr.png, id=168, 421.575pt x 316.
0608pt>
File: ../figures/grant_vs_nogrant/cum_capadj_decomp_lr.png Graphic file (type p
ng)
<use ../figures/grant_vs_nogrant/cum_capadj_decomp_lr.png>
Package pdftex.def Info: ../figures/grant_vs_nogrant/cum_capadj_decomp_lr.png  
used on input line 472.
(pdftex.def)             Requested size: 216.09045pt x 162.00873pt.
<../figures/grant_vs_nogrant/cum_capadj_decomp_all.png, id=169, 421.575pt x 316
.0608pt>
File: ../figures/grant_vs_nogrant/cum_capadj_decomp_all.png Graphic file (type 
png)
<use ../figures/grant_vs_nogrant/cum_capadj_decomp_all.png>
Package pdftex.def Info: ../figures/grant_vs_nogrant/cum_capadj_decomp_all.png 
 used on input line 477.
(pdftex.def)             Requested size: 216.09045pt x 162.00873pt.
 [13] [14 <../figures/grant_vs_nogrant/cum_capadj_decomp_sr.png (PNG copy)> <..
/figures/grant_vs_nogrant/cum_capadj_decomp_mr.png (PNG copy)> <../figures/gran
t_vs_nogrant/cum_capadj_decomp_lr.png (PNG copy)> <../figures/grant_vs_nogrant/
cum_capadj_decomp_all.png (PNG copy)>]

LaTeX Warning: Reference `fig:capadj' on page 15 undefined on input line 497.

<../figures/grant_vs_nogrant/irf_ave_bk.png, id=184, 421.575pt x 316.0608pt>
File: ../figures/grant_vs_nogrant/irf_ave_bk.png Graphic file (type png)
<use ../figures/grant_vs_nogrant/irf_ave_bk.png>
Package pdftex.def Info: ../figures/grant_vs_nogrant/irf_ave_bk.png  used on in
put line 503.
(pdftex.def)             Requested size: 295.10048pt x 221.24104pt.
(../tables/zombie.tex) [15 <../figures/grant_vs_nogrant/irf_ave_bk.png (PNG cop
y)>]
Overfull \hbox (5.48813pt too wide) detected at line 559
\OML/cmm/m/it/10.95 V[] \OT1/cmr/m/n/10.95 = \OML/cmm/m/it/10.95 U\OT1/cmr/m/n/
10.95 (\OML/cmm/m/it/10.95 C[]; L[]\OT1/cmr/m/n/10.95 ; \OML/cmm/m/it/10.95 D[]
; ^^P[]\OT1/cmr/m/n/10.95 ) + \OML/cmm/m/it/10.95 ^^LU\OT1/cmr/m/n/10.95 (\OML/
cmm/m/it/10.95 C[]; L[]\OT1/cmr/m/n/10.95 ; \OML/cmm/m/it/10.95 D[]; ^^P[]\OT1/
cmr/m/n/10.95 ) + [] + \OML/cmm/m/it/10.95 ^^L[]U\OT1/cmr/m/n/10.95 (\OML/cmm/m
/it/10.95 C[]; L[]\OT1/cmr/m/n/10.95 ; \OML/cmm/m/it/10.95 D[]; ^^P[]\OT1/cmr/m
/n/10.95 ) + []\OML/cmm/m/it/10.95 U\OT1/cmr/m/n/10.95 (\OML/cmm/m/it/10.95 C[]
; L[]\OT1/cmr/m/n/10.95 )
 []

[16] (../tables/welfare_analysis.tex) (../tables/cost_grants.tex)
(../tables/cost_grants_robust.tex)
Overfull \hbox (63.75269pt too wide) in paragraph at lines 1--594
 [][] 
 []

[17] (Replication_DKW.aux)

LaTeX Warning: There were undefined references.

Package rerunfilecheck Info: File `Replication_DKW.out' has not changed.
(rerunfilecheck)             Checksum: EAB95989593F0F3F68EE7032B7B7F2BD;1726.
 ) 
Here is how much of TeX's memory you used:
 14442 strings out of 475389
 247552 string characters out of 2776528
 594153 words of memory out of 3000000
 35469 multiletter control sequences out of 15000+600000
 489087 words of font info for 82 fonts, out of 8000000 for 9000
 1141 hyphenation exceptions out of 8191
 60i,11n,67p,514b,597s stack positions out of 10000i,1000n,20000p,200000b,80000s
 <C:\Users\dinola\AppData\Local\MiKTeX\fonts/pk/ljfour/jknappen/ec/dpi600\ecb
x1095.pk> <C:\Users\dinola\AppData\Local\MiKTeX\fonts/pk/ljfour/public/esint/dp
i657\esint10.pk> <C:\Users\dinola\AppData\Local\MiKTeX\fonts/pk/ljfour/jknappen
/ec/dpi600\tcrm1095.pk> <C:\Users\dinola\AppData\Local\MiKTeX\fonts/pk/ljfour/j
knappen/ec/dpi600\ecti1095.pk> <C:\Users\dinola\AppData\Local\MiKTeX\fonts/pk/l
jfour/jknappen/ec/dpi600\ecrm0900.pk> <C:\Users\dinola\AppData\Local\MiKTeX\fon
ts/pk/ljfour/jknappen/ec/dpi600\ecbx0900.pk> <C:\Users\dinola\AppData\Local\MiK
TeX\fonts/pk/ljfour/jknappen/ec/dpi600\ecrm1095.pk> <C:\Users\dinola\AppData\Lo
cal\MiKTeX\fonts/pk/ljfour/jknappen/ec/dpi600\ecrm1000.pk> <C:\Users\dinola\App
Data\Local\MiKTeX\fonts/pk/ljfour/jknappen/ec/dpi600\ecbx1000.pk> <C:\Users\din
ola\AppData\Local\MiKTeX\fonts/pk/ljfour/jknappen/ec/dpi600\ecbx1200.pk> <C:\Us
ers\dinola\AppData\Local\MiKTeX\fonts/pk/ljfour/jknappen/ec/dpi600\ecbx1440.pk>
 <C:\Users\dinola\AppData\Local\MiKTeX\fonts/pk/ljfour/jknappen/ec/dpi600\ecrm1
200.pk> <C:\Users\dinola\AppData\Local\MiKTeX\fonts/pk/ljfour/jknappen/ec/dpi60
0\ecrm1728.pk><C:/Users/dinola/AppData/Local/Programs/MiKTeX/fonts/type1/public
/amsfonts/cm/cmex10.pfb><C:/Users/dinola/AppData/Local/Programs/MiKTeX/fonts/ty
pe1/public/amsfonts/cm/cmmi10.pfb><C:/Users/dinola/AppData/Local/Programs/MiKTe
X/fonts/type1/public/amsfonts/cm/cmmi6.pfb><C:/Users/dinola/AppData/Local/Progr
ams/MiKTeX/fonts/type1/public/amsfonts/cm/cmmi8.pfb><C:/Users/dinola/AppData/Lo
cal/Programs/MiKTeX/fonts/type1/public/amsfonts/cm/cmmi9.pfb><C:/Users/dinola/A
ppData/Local/Programs/MiKTeX/fonts/type1/public/amsfonts/cm/cmr10.pfb><C:/Users
/dinola/AppData/Local/Programs/MiKTeX/fonts/type1/public/amsfonts/cm/cmr6.pfb><
C:/Users/dinola/AppData/Local/Programs/MiKTeX/fonts/type1/public/amsfonts/cm/cm
r8.pfb><C:/Users/dinola/AppData/Local/Programs/MiKTeX/fonts/type1/public/amsfon
ts/cm/cmr9.pfb><C:/Users/dinola/AppData/Local/Programs/MiKTeX/fonts/type1/publi
c/amsfonts/cm/cmsy10.pfb><C:/Users/dinola/AppData/Local/Programs/MiKTeX/fonts/t
ype1/public/amsfonts/cm/cmsy6.pfb><C:/Users/dinola/AppData/Local/Programs/MiKTe
X/fonts/type1/public/amsfonts/cm/cmsy8.pfb>
Output written on Replication_DKW.pdf (17 pages, 1565690 bytes).
PDF statistics:
 629 PDF objects out of 1000 (max. 8388607)
 54 named destinations out of 1000 (max. 500000)
 249 words of extra memory for PDF output out of 10000 (max. 10000000)

